Base path: D:/Program Files (x86)/Unity/Editor/Data
Pipe name: \\.\pipe\UnityShaderCompiler-1-6272
Cmd: getPlatforms
Cmd: preprocess
  insize=3387 outsize=2049 ok=1
Cmd: compileSnippet
  api=1 type=0 insize=971 outsize=171 kw= ok=1
Cmd: compileSnippet
  api=1 type=1 insize=971 outsize=187 kw= ok=1
Cmd: compileSnippet
  api=1 type=0 insize=974 outsize=171 kw= ok=1
Cmd: compileSnippet
  api=1 type=1 insize=974 outsize=188 kw= ok=1
Cmd: preprocess
  insize=2482 outsize=2482 ok=1
Cmd: preprocess
  insize=894 outsize=1570 ok=1
Cmd: compileSnippet
  api=1 type=0 insize=5029 outsize=668 kw=DIRECTIONAL SHADOWS_OFF LIGHTMAP_OFF DIRLIGHTMAP_OFF ok=1
Cmd: compileSnippet
  api=1 type=1 insize=5029 outsize=749 kw=DIRECTIONAL SHADOWS_OFF LIGHTMAP_OFF DIRLIGHTMAP_OFF ok=1
Cmd: compileSnippet
  api=1 type=0 insize=2576 outsize=405 kw=POINT ok=1
Cmd: compileSnippet
  api=1 type=1 insize=2576 outsize=878 kw=POINT ok=1
Cmd: compileSnippet
  api=1 type=0 insize=2084 outsize=235 kw= ok=1
Cmd: compileSnippet
  api=1 type=1 insize=2084 outsize=265 kw= ok=1
Cmd: compileSnippet
  api=1 type=0 insize=4417 outsize=639 kw=LIGHTMAP_OFF DIRLIGHTMAP_OFF HDR_LIGHT_PREPASS_OFF ok=1
Cmd: compileSnippet
  api=1 type=1 insize=4417 outsize=507 kw=LIGHTMAP_OFF DIRLIGHTMAP_OFF HDR_LIGHT_PREPASS_OFF ok=1
Cmd: preprocess
  insize=1088 outsize=1195 ok=1
Cmd: compileSnippet
  api=1 type=0 insize=4956 outsize=1006 kw=DIRECTIONAL LIGHTMAP_OFF DIRLIGHTMAP_OFF ok=1
Cmd: compileSnippet
  api=1 type=1 insize=4956 outsize=842 kw=DIRECTIONAL LIGHTMAP_OFF DIRLIGHTMAP_OFF ok=1
Cmd: compileSnippet
  api=1 type=0 insize=2783 outsize=815 kw=POINT ok=1
Cmd: compileSnippet
  api=1 type=1 insize=2783 outsize=958 kw=POINT ok=1
Cmd: preprocess
  insize=965 outsize=1208 ok=1
Cmd: compileSnippet
  api=1 type=0 insize=5043 outsize=1004 kw=DIRECTIONAL LIGHTMAP_OFF DIRLIGHTMAP_OFF ok=1
Cmd: compileSnippet
  api=1 type=1 insize=5043 outsize=895 kw=DIRECTIONAL LIGHTMAP_OFF DIRLIGHTMAP_OFF ok=1
Cmd: compileSnippet
  api=1 type=0 insize=2648 outsize=815 kw=POINT ok=1
Cmd: compileSnippet
  api=1 type=1 insize=2648 outsize=993 kw=POINT ok=1
Cmd: preprocess
  insize=759 outsize=1087 ok=1
Cmd: compileSnippet
  api=1 type=0 insize=4543 outsize=841 kw=DIRECTIONAL LIGHTMAP_OFF DIRLIGHTMAP_OFF ok=1
Cmd: compileSnippet
  api=1 type=1 insize=4543 outsize=510 kw=DIRECTIONAL LIGHTMAP_OFF DIRLIGHTMAP_OFF ok=1
Cmd: compileSnippet
  api=1 type=0 insize=2400 outsize=621 kw=POINT ok=1
Cmd: compileSnippet
  api=1 type=1 insize=2400 outsize=626 kw=POINT ok=1
Cmd: preprocess
  insize=691 outsize=1452 ok=1
Cmd: compileSnippet
  api=1 type=0 insize=4377 outsize=595 kw=DIRECTIONAL SHADOWS_OFF LIGHTMAP_OFF DIRLIGHTMAP_OFF ok=1
Cmd: compileSnippet
  api=1 type=1 insize=4377 outsize=373 kw=DIRECTIONAL SHADOWS_OFF LIGHTMAP_OFF DIRLIGHTMAP_OFF ok=1
Cmd: compileSnippet
  api=1 type=0 insize=2340 outsize=383 kw=POINT ok=1
Cmd: compileSnippet
  api=1 type=1 insize=2340 outsize=500 kw=POINT ok=1
Cmd: compileSnippet
  api=1 type=0 insize=1999 outsize=235 kw= ok=1
Cmd: compileSnippet
  api=1 type=1 insize=1999 outsize=260 kw= ok=1
Cmd: compileSnippet
  api=1 type=0 insize=4077 outsize=639 kw=LIGHTMAP_OFF DIRLIGHTMAP_OFF HDR_LIGHT_PREPASS_OFF ok=1
Cmd: compileSnippet
  api=1 type=1 insize=4077 outsize=351 kw=LIGHTMAP_OFF DIRLIGHTMAP_OFF HDR_LIGHT_PREPASS_OFF ok=1
Cmd: preprocess
  insize=4215 outsize=3157 ok=1
Cmd: compileSnippet
  api=1 type=0 insize=830 outsize=275 kw=SHADOWS_DEPTH ok=1
Cmd: compileSnippet
  api=1 type=1 insize=830 outsize=253 kw=SHADOWS_DEPTH ok=1
Cmd: compileSnippet
  api=1 type=0 insize=872 outsize=503 kw=SHADOWS_NONATIVE ok=1
Cmd: compileSnippet
  api=1 type=1 insize=872 outsize=763 kw=SHADOWS_NONATIVE ok=1
Cmd: preprocess
  insize=834 outsize=1498 ok=1
Cmd: compileSnippet
  api=1 type=0 insize=4610 outsize=841 kw=DIRECTIONAL SHADOWS_OFF LIGHTMAP_OFF DIRLIGHTMAP_OFF ok=1
Cmd: compileSnippet
  api=1 type=1 insize=4610 outsize=584 kw=DIRECTIONAL SHADOWS_OFF LIGHTMAP_OFF DIRLIGHTMAP_OFF ok=1
Cmd: compileSnippet
  api=1 type=0 insize=2472 outsize=621 kw=POINT ok=1
Cmd: compileSnippet
  api=1 type=1 insize=2472 outsize=703 kw=POINT ok=1
Cmd: compileSnippet
  api=1 type=0 insize=2580 outsize=544 kw= ok=1
Cmd: compileSnippet
  api=1 type=1 insize=2580 outsize=588 kw= ok=1
Cmd: compileSnippet
  api=1 type=0 insize=4282 outsize=674 kw=LIGHTMAP_OFF DIRLIGHTMAP_OFF HDR_LIGHT_PREPASS_OFF ok=1
Cmd: compileSnippet
  api=1 type=1 insize=4282 outsize=351 kw=LIGHTMAP_OFF DIRLIGHTMAP_OFF HDR_LIGHT_PREPASS_OFF ok=1
Cmd: preprocess
  insize=616 outsize=1042 ok=1
Cmd: compileSnippet
  api=1 type=0 insize=4310 outsize=595 kw=DIRECTIONAL LIGHTMAP_OFF DIRLIGHTMAP_OFF ok=1
Cmd: compileSnippet
  api=1 type=1 insize=4310 outsize=285 kw=DIRECTIONAL LIGHTMAP_OFF DIRLIGHTMAP_OFF ok=1
Cmd: compileSnippet
  api=1 type=0 insize=2268 outsize=383 kw=POINT ok=1
Cmd: compileSnippet
  api=1 type=1 insize=2268 outsize=412 kw=POINT ok=1
Cmd: preprocess
  insize=1072 outsize=1619 ok=1
Cmd: compileSnippet
  api=1 type=0 insize=5176 outsize=1004 kw=DIRECTIONAL SHADOWS_OFF LIGHTMAP_OFF DIRLIGHTMAP_OFF ok=1
Cmd: compileSnippet
  api=1 type=1 insize=5176 outsize=1012 kw=DIRECTIONAL SHADOWS_OFF LIGHTMAP_OFF DIRLIGHTMAP_OFF ok=1
Cmd: compileSnippet
  api=1 type=0 insize=2786 outsize=815 kw=POINT ok=1
Cmd: compileSnippet
  api=1 type=1 insize=2786 outsize=1098 kw=POINT ok=1
Cmd: compileSnippet
  api=1 type=0 insize=2699 outsize=544 kw= ok=1
Cmd: compileSnippet
  api=1 type=1 insize=2699 outsize=593 kw= ok=1
Cmd: compileSnippet
  api=1 type=0 insize=4625 outsize=674 kw=LIGHTMAP_OFF DIRLIGHTMAP_OFF HDR_LIGHT_PREPASS_OFF ok=1
Cmd: compileSnippet
  api=1 type=1 insize=4625 outsize=507 kw=LIGHTMAP_OFF DIRLIGHTMAP_OFF HDR_LIGHT_PREPASS_OFF ok=1
Cmd: preprocess
  insize=820 outsize=1160 ok=1
Cmd: compileSnippet
  api=1 type=0 insize=4962 outsize=668 kw=DIRECTIONAL LIGHTMAP_OFF DIRLIGHTMAP_OFF ok=1
Cmd: compileSnippet
  api=1 type=1 insize=4962 outsize=633 kw=DIRECTIONAL LIGHTMAP_OFF DIRLIGHTMAP_OFF ok=1
Cmd: compileSnippet
  api=1 type=0 insize=2504 outsize=405 kw=POINT ok=1
Cmd: compileSnippet
  api=1 type=1 insize=2504 outsize=762 kw=POINT ok=1
Cmd: preprocess
  insize=1326 outsize=1315 ok=1
Cmd: compileSnippet
  api=1 type=0 insize=5233 outsize=1006 kw=DIRECTIONAL LIGHTMAP_OFF DIRLIGHTMAP_OFF ok=1
Cmd: compileSnippet
  api=1 type=1 insize=5233 outsize=1161 kw=DIRECTIONAL LIGHTMAP_OFF DIRLIGHTMAP_OFF ok=1
Cmd: compileSnippet
  api=1 type=0 insize=2967 outsize=815 kw=POINT ok=1
Cmd: compileSnippet
  api=1 type=1 insize=2967 outsize=1274 kw=POINT ok=1
