Base path: C:/Program Files (x86)/Unity/Editor/Data
Pipe name: \\.\pipe\UnityShaderCompiler-1-4012
Cmd: getPlatforms
Cmd: preprocess
  insize=3548 outsize=2132 ok=1
Cmd: preprocess
  insize=2591 outsize=2591 ok=1
Cmd: preprocess
  insize=931 outsize=1589 ok=1
Cmd: preprocess
  insize=1132 outsize=1212 ok=1
Cmd: preprocess
  insize=1004 outsize=1225 ok=1
Cmd: preprocess
  insize=793 outsize=1103 ok=1
Cmd: preprocess
  insize=723 outsize=1470 ok=1
Cmd: preprocess
  insize=4420 outsize=3295 ok=1
Cmd: preprocess
  insize=870 outsize=1515 ok=1
Cmd: preprocess
  insize=647 outsize=1058 ok=1
Cmd: preprocess
  insize=1114 outsize=1639 ok=1
Cmd: preprocess
  insize=856 outsize=1179 ok=1
Cmd: preprocess
  insize=1377 outsize=1336 ok=1
