Base path: C:/Program Files (x86)/Unity/Editor/Data
Pipe name: \\.\pipe\UnityShaderCompiler-1-2492
Cmd: getPlatforms
Cmd: preprocess
  insize=13065 outsize=3031 ok=1
Cmd: compileSnippet
  api=1 type=0 insize=5482 outsize=748 kw=DIRECTIONAL SHADOWS_OFF LIGHTMAP_OFF DIRLIGHTMAP_OFF ok=1
Cmd: compileSnippet
  api=1 type=1 insize=5482 outsize=2391 kw=DIRECTIONAL SHADOWS_OFF LIGHTMAP_OFF DIRLIGHTMAP_OFF ok=1
Cmd: compileSnippet
  api=1 type=0 insize=5231 outsize=830 kw=POINT SHADOWS_OFF ok=1
Cmd: compileSnippet
  api=1 type=1 insize=5231 outsize=2223 kw=POINT SHADOWS_OFF ok=1
Cmd: preprocess
  insize=12861 outsize=3489 ok=1
Cmd: compileSnippet
  api=1 type=0 insize=5472 outsize=748 kw=DIRECTIONAL SHADOWS_OFF LIGHTMAP_OFF DIRLIGHTMAP_OFF ok=1
Cmd: compileSnippet
  api=1 type=1 insize=5472 outsize=2247 kw=DIRECTIONAL SHADOWS_OFF LIGHTMAP_OFF DIRLIGHTMAP_OFF ok=1
Cmd: compileSnippet
  api=1 type=0 insize=4578 outsize=830 kw=POINT SHADOWS_OFF ok=1
Cmd: compileSnippet
  api=1 type=1 insize=4578 outsize=1718 kw=POINT SHADOWS_OFF ok=1
Cmd: preprocess
  insize=12861 outsize=3489 ok=1
Cmd: preprocess
  insize=13516 outsize=3263 ok=1
Cmd: compileSnippet
  api=1 type=0 insize=5591 outsize=748 kw=DIRECTIONAL SHADOWS_OFF LIGHTMAP_OFF DIRLIGHTMAP_OFF ok=1
Cmd: compileSnippet
  api=1 type=1 insize=5591 outsize=2558 kw=DIRECTIONAL SHADOWS_OFF LIGHTMAP_OFF DIRLIGHTMAP_OFF ok=1
Cmd: compileSnippet
  api=1 type=0 insize=5340 outsize=830 kw=POINT SHADOWS_OFF ok=1
Cmd: compileSnippet
  api=1 type=1 insize=5340 outsize=2401 kw=POINT SHADOWS_OFF ok=1
Cmd: preprocess
  insize=14868 outsize=3483 ok=1
Cmd: compileSnippet
  api=1 type=0 insize=7138 outsize=748 kw=DIRECTIONAL SHADOWS_OFF LIGHTMAP_OFF DIRLIGHTMAP_OFF ok=1
Cmd: compileSnippet
  api=1 type=1 insize=7138 outsize=1592 kw=DIRECTIONAL SHADOWS_OFF LIGHTMAP_OFF DIRLIGHTMAP_OFF ok=1
Cmd: compileSnippet
  api=1 type=0 insize=4925 outsize=830 kw=POINT SHADOWS_OFF ok=1
Cmd: compileSnippet
  api=1 type=1 insize=4925 outsize=1550 kw=POINT SHADOWS_OFF ok=1
Cmd: preprocess
  insize=13065 outsize=3031 ok=1
Cmd: preprocess
  insize=14868 outsize=3483 ok=1
Cmd: compileSnippet
  api=1 type=0 insize=4925 outsize=748 kw=DIRECTIONAL SHADOWS_OFF ok=1
Cmd: compileSnippet
  api=1 type=1 insize=4925 outsize=1489 kw=DIRECTIONAL SHADOWS_OFF ok=1
Cmd: compileSnippet
  api=1 type=0 insize=4578 outsize=748 kw=DIRECTIONAL SHADOWS_OFF ok=1
Cmd: compileSnippet
  api=1 type=1 insize=4578 outsize=1640 kw=DIRECTIONAL SHADOWS_OFF ok=1
Cmd: compileSnippet
  api=1 type=0 insize=5231 outsize=748 kw=DIRECTIONAL SHADOWS_OFF ok=1
Cmd: compileSnippet
  api=1 type=1 insize=5231 outsize=2143 kw=DIRECTIONAL SHADOWS_OFF ok=1
